Program
  Module
    moduleName
  types
    TypeDef
      "typeName1"
      Arrow
        TAtom
          Atom
            "a"
        Arrow
          Var
            "B"
          Var
            "C"
    TypeDef
      "typeName2"
      Var
        "XYZ"
  rels
    Relation
      Atom
        "a"
      Disj
        Conj
          Conj
            RAtom
              Atom
                "a"
            RAtom
              Atom
                "b"
          RAtom
            Atom
              "c"
        RAtom
          Atom
            "d"